<?xml version="1.0" encoding="UTF-8"?>
<!-- Generated by org.testng.reporters.JUnitXMLReporter -->
<testsuite hostname="NIHANs-MacBook-Pro.local" name="Default test" tests="4" failures="0" timestamp="9 Mar 2020 22:37:03 GMT" time="54.423" errors="0">
  <testcase name="verifyTitle" time="0.049" classname="com.verizon.tests.FeaturePhoneTest"/>
  <testcase name="features" time="0.941" classname="com.verizon.tests.FeaturePhoneTest"/>
  <testcase name="featuresInOne" time="4.45" classname="com.verizon.tests.FeaturePhoneTest"/>
  <testcase name="verifyPrice" time="6.538" classname="com.verizon.tests.FeaturePhoneTest"/>
</testsuite> <!-- Default test -->
