<?xml version="1.0" encoding="UTF-8"?>
<testng-results skipped="0" failed="0" total="4" passed="4">
  <reporter-output>
  </reporter-output>
  <suite name="Default suite" duration-ms="54423" started-at="2020-03-09T22:36:09Z" finished-at="2020-03-09T22:37:03Z">
    <groups>
    </groups>
    <test name="Default test" duration-ms="54423" started-at="2020-03-09T22:36:09Z" finished-at="2020-03-09T22:37:03Z">
      <class name="com.verizon.tests.FeaturePhoneTest">
        <test-method status="PASS" signature="setUp()[pri:0, instance:com.verizon.tests.FeaturePhoneTest@19bb089b]" name="setUp" is-config="true" duration-ms="11245" started-at="2020-03-09T18:36:09Z" finished-at="2020-03-09T18:36:20Z">
          <reporter-output>
          </reporter-output>
        </test-method> <!-- setUp -->
        <test-method status="PASS" signature="verifyTitle()[pri:1, instance:com.verizon.tests.FeaturePhoneTest@19bb089b]" name="verifyTitle" duration-ms="49" started-at="2020-03-09T18:36:20Z" description="Verify The Title" finished-at="2020-03-09T18:36:20Z">
          <reporter-output>
          </reporter-output>
        </test-method> <!-- verifyTitle -->
        <test-method status="PASS" signature="tearDown()[pri:0, instance:com.verizon.tests.FeaturePhoneTest@19bb089b]" name="tearDown" is-config="true" duration-ms="123" started-at="2020-03-09T18:36:20Z" finished-at="2020-03-09T18:36:20Z">
          <reporter-output>
          </reporter-output>
        </test-method> <!-- tearDown -->
        <test-method status="PASS" signature="setUp()[pri:0, instance:com.verizon.tests.FeaturePhoneTest@19bb089b]" name="setUp" is-config="true" duration-ms="11649" started-at="2020-03-09T18:36:20Z" finished-at="2020-03-09T18:36:32Z">
          <reporter-output>
          </reporter-output>
        </test-method> <!-- setUp -->
        <test-method status="PASS" signature="features()[pri:2, instance:com.verizon.tests.FeaturePhoneTest@19bb089b]" name="features" duration-ms="941" started-at="2020-03-09T18:36:32Z" description="Checking Selected Features" finished-at="2020-03-09T18:36:33Z">
          <reporter-output>
          </reporter-output>
        </test-method> <!-- features -->
        <test-method status="PASS" signature="tearDown()[pri:0, instance:com.verizon.tests.FeaturePhoneTest@19bb089b]" name="tearDown" is-config="true" duration-ms="117" started-at="2020-03-09T18:36:33Z" finished-at="2020-03-09T18:36:33Z">
          <reporter-output>
          </reporter-output>
        </test-method> <!-- tearDown -->
        <test-method status="PASS" signature="setUp()[pri:0, instance:com.verizon.tests.FeaturePhoneTest@19bb089b]" name="setUp" is-config="true" duration-ms="9395" started-at="2020-03-09T18:36:33Z" finished-at="2020-03-09T18:36:43Z">
          <reporter-output>
          </reporter-output>
        </test-method> <!-- setUp -->
        <test-method status="PASS" signature="featuresInOne()[pri:3, instance:com.verizon.tests.FeaturePhoneTest@19bb089b]" name="featuresInOne" duration-ms="4450" started-at="2020-03-09T18:36:43Z" description="Confirm ZipCode" finished-at="2020-03-09T18:36:47Z">
          <reporter-output>
          </reporter-output>
        </test-method> <!-- featuresInOne -->
        <test-method status="PASS" signature="tearDown()[pri:0, instance:com.verizon.tests.FeaturePhoneTest@19bb089b]" name="tearDown" is-config="true" duration-ms="140" started-at="2020-03-09T18:36:47Z" finished-at="2020-03-09T18:36:47Z">
          <reporter-output>
          </reporter-output>
        </test-method> <!-- tearDown -->
        <test-method status="PASS" signature="setUp()[pri:0, instance:com.verizon.tests.FeaturePhoneTest@19bb089b]" name="setUp" is-config="true" duration-ms="9625" started-at="2020-03-09T18:36:47Z" finished-at="2020-03-09T18:36:57Z">
          <reporter-output>
          </reporter-output>
        </test-method> <!-- setUp -->
        <test-method status="PASS" signature="verifyPrice()[pri:4, instance:com.verizon.tests.FeaturePhoneTest@19bb089b]" name="verifyPrice" duration-ms="6538" started-at="2020-03-09T18:36:57Z" description="Verify The Selected Phone Price " finished-at="2020-03-09T18:37:03Z">
          <reporter-output>
          </reporter-output>
        </test-method> <!-- verifyPrice -->
        <test-method status="PASS" signature="tearDown()[pri:0, instance:com.verizon.tests.FeaturePhoneTest@19bb089b]" name="tearDown" is-config="true" duration-ms="134" started-at="2020-03-09T18:37:03Z" finished-at="2020-03-09T18:37:03Z">
          <reporter-output>
          </reporter-output>
        </test-method> <!-- tearDown -->
      </class> <!-- com.verizon.tests.FeaturePhoneTest -->
    </test> <!-- Default test -->
  </suite> <!-- Default suite -->
</testng-results>
