<?xml version="1.0" encoding="UTF-8"?>
<testng-results skipped="0" failed="0" total="2" passed="2">
  <reporter-output>
  </reporter-output>
  <suite name="Default suite" duration-ms="10605" started-at="2020-04-16T00:32:11Z" finished-at="2020-04-16T00:32:22Z">
    <groups>
    </groups>
    <test name="Default test" duration-ms="10605" started-at="2020-04-16T00:32:11Z" finished-at="2020-04-16T00:32:22Z">
      <class name="com.verizon.tests.VerizonMainTest">
        <test-method status="PASS" signature="setUp()[pri:0, instance:com.verizon.tests.VerizonMainTest@19bb089b]" name="setUp" is-config="true" duration-ms="3061" started-at="2020-04-15T20:32:11Z" finished-at="2020-04-15T20:32:14Z">
          <reporter-output>
          </reporter-output>
        </test-method> <!-- setUp -->
        <test-method status="PASS" signature="verifyTitle()[pri:1, instance:com.verizon.tests.VerizonMainTest@19bb089b]" name="verifyTitle" duration-ms="73" started-at="2020-04-15T20:32:14Z" description="Get Verizon Home Page Title" finished-at="2020-04-15T20:32:14Z">
          <reporter-output>
          </reporter-output>
        </test-method> <!-- verifyTitle -->
        <test-method status="PASS" signature="tearDown()[pri:0, instance:com.verizon.tests.VerizonMainTest@19bb089b]" name="tearDown" is-config="true" duration-ms="594" started-at="2020-04-15T20:32:14Z" finished-at="2020-04-15T20:32:15Z">
          <reporter-output>
          </reporter-output>
        </test-method> <!-- tearDown -->
        <test-method status="PASS" signature="setUp()[pri:0, instance:com.verizon.tests.VerizonMainTest@19bb089b]" name="setUp" is-config="true" duration-ms="2586" started-at="2020-04-15T20:32:15Z" finished-at="2020-04-15T20:32:17Z">
          <reporter-output>
          </reporter-output>
        </test-method> <!-- setUp -->
        <test-method status="PASS" signature="moveToSmartPhone()[pri:2, instance:com.verizon.tests.VerizonMainTest@19bb089b]" name="moveToSmartPhone" duration-ms="4177" started-at="2020-04-15T20:32:17Z" description="Hover in Verizon Home Page" finished-at="2020-04-15T20:32:22Z">
          <reporter-output>
          </reporter-output>
        </test-method> <!-- moveToSmartPhone -->
        <test-method status="PASS" signature="tearDown()[pri:0, instance:com.verizon.tests.VerizonMainTest@19bb089b]" name="tearDown" is-config="true" duration-ms="102" started-at="2020-04-15T20:32:22Z" finished-at="2020-04-15T20:32:22Z">
          <reporter-output>
          </reporter-output>
        </test-method> <!-- tearDown -->
      </class> <!-- com.verizon.tests.VerizonMainTest -->
    </test> <!-- Default test -->
  </suite> <!-- Default suite -->
</testng-results>
